# JRE version: Java(TM) SE Runtime Environment (8.0_60-b27) (build 1.8.0_60-b27)
# Java VM: Java HotSpot(TM) Client VM (25.60-b23 mixed mode windows-x86 )
Heap:
 def new generation   total 47744K, used 8922K [0x10200000, 0x135c0000, 0x25750000)
  eden space 42496K,  20% used [0x10200000, 0x10ab6918, 0x12b80000)
  from space 5248K,   0% used [0x12b80000, 0x12b80000, 0x130a0000)
  to   space 5248K,   0% used [0x130a0000, 0x130a0000, 0x135c0000)
 tenured generation   total 105868K, used 63520K [0x25750000, 0x2beb3000, 0x50200000)
   the space 105868K,  59% used [0x25750000, 0x29558238, 0x29558400, 0x2beb3000)
 Metaspace       used 46677K, capacity 48171K, committed 48768K, reserved 49536K
GC Heap History (10 events):
Event: 9215.189 GC heap before
{Heap before GC invocations=121 (full 11):
 def new generation   total 46400K, used 46400K [0x10200000, 0x13450000, 0x25750000)
  eden space 41280K, 100% used [0x10200000, 0x12a50000, 0x12a50000)
  from space 5120K, 100% used [0x12a50000, 0x12f50000, 0x12f50000)
  to   space 5120K,   0% used [0x12f50000, 0x12f50000, 0x13450000)
 tenured generation   total 102948K, used 65739K [0x25750000, 0x2bbd9000, 0x50200000)
   the space 102948K,  63% used [0x25750000, 0x29782d48, 0x29782e00, 0x2bbd9000)
 Metaspace       used 44879K, capacity 46401K, committed 46592K, reserved 47488K
Event: 9215.229 GC heap after
Heap after GC invocations=122 (full 11):
 def new generation   total 46400K, used 5119K [0x10200000, 0x13450000, 0x25750000)
  eden space 41280K,   0% used [0x10200000, 0x10200000, 0x12a50000)
  from space 5120K,  99% used [0x12f50000, 0x1344fed0, 0x13450000)
  to   space 5120K,   0% used [0x12a50000, 0x12a50000, 0x12f50000)
 tenured generation   total 102948K, used 70663K [0x25750000, 0x2bbd9000, 0x50200000)
   the space 102948K,  68% used [0x25750000, 0x29c51eb8, 0x29c52000, 0x2bbd9000)
 Metaspace       used 44879K, capacity 46401K, committed 46592K, reserved 47488K
}
Event: 9215.803 GC heap before
{Heap before GC invocations=122 (full 11):
 def new generation   total 46400K, used 46399K [0x10200000, 0x13450000, 0x25750000)
  eden space 41280K, 100% used [0x10200000, 0x12a50000, 0x12a50000)
  from space 5120K,  99% used [0x12f50000, 0x1344fed0, 0x13450000)
  to   space 5120K,   0% used [0x12a50000, 0x12a50000, 0x12f50000)
 tenured generation   total 102948K, used 70663K [0x25750000, 0x2bbd9000, 0x50200000)
   the space 102948K,  68% used [0x25750000, 0x29c51eb8, 0x29c52000, 0x2bbd9000)
 Metaspace       used 45684K, capacity 47283K, committed 47360K, reserved 47488K
Event: 9215.839 GC heap after
Heap after GC invocations=123 (full 11):
 def new generation   total 46400K, used 4451K [0x10200000, 0x13450000, 0x25750000)
  eden space 41280K,   0% used [0x10200000, 0x10200000, 0x12a50000)
  from space 5120K,  86% used [0x12a50000, 0x12ea8c88, 0x12f50000)
  to   space 5120K,   0% used [0x12f50000, 0x12f50000, 0x13450000)
 tenured generation   total 102948K, used 75222K [0x25750000, 0x2bbd9000, 0x50200000)
   the space 102948K,  73% used [0x25750000, 0x2a0c5b20, 0x2a0c5c00, 0x2bbd9000)
 Metaspace       used 45684K, capacity 47283K, committed 47360K, reserved 47488K
}
Event: 9216.767 GC heap before
{Heap before GC invocations=123 (full 11):
 def new generation   total 46400K, used 45731K [0x10200000, 0x13450000, 0x25750000)
  eden space 41280K, 100% used [0x10200000, 0x12a50000, 0x12a50000)
  from space 5120K,  86% used [0x12a50000, 0x12ea8c88, 0x12f50000)
  to   space 5120K,   0% used [0x12f50000, 0x12f50000, 0x13450000)
 tenured generation   total 102948K, used 75222K [0x25750000, 0x2bbd9000, 0x50200000)
   the space 102948K,  73% used [0x25750000, 0x2a0c5b20, 0x2a0c5c00, 0x2bbd9000)
 Metaspace       used 46358K, capacity 47999K, committed 48000K, reserved 48512K
Event: 9216.802 GC heap after
Heap after GC invocations=124 (full 11):
 def new generation   total 46400K, used 4925K [0x10200000, 0x13450000, 0x25750000)
  eden space 41280K,   0% used [0x10200000, 0x10200000, 0x12a50000)
  from space 5120K,  96% used [0x12f50000, 0x1341f530, 0x13450000)
  to   space 5120K,   0% used [0x12a50000, 0x12a50000, 0x12f50000)
 tenured generation   total 102948K, used 78891K [0x25750000, 0x2bbd9000, 0x50200000)
   the space 102948K,  76% used [0x25750000, 0x2a45af70, 0x2a45b000, 0x2bbd9000)
 Metaspace       used 46358K, capacity 47999K, committed 48000K, reserved 48512K
}
Event: 9221.566 GC heap before
{Heap before GC invocations=124 (full 11):
 def new generation   total 46400K, used 46205K [0x10200000, 0x13450000, 0x25750000)
  eden space 41280K, 100% used [0x10200000, 0x12a50000, 0x12a50000)
  from space 5120K,  96% used [0x12f50000, 0x1341f530, 0x13450000)
  to   space 5120K,   0% used [0x12a50000, 0x12a50000, 0x12f50000)
 tenured generation   total 102948K, used 78891K [0x25750000, 0x2bbd9000, 0x50200000)
   the space 102948K,  76% used [0x25750000, 0x2a45af70, 0x2a45b000, 0x2bbd9000)
 Metaspace       used 46577K, capacity 48262K, committed 48384K, reserved 48512K
Event: 9221.588 GC heap after
Heap after GC invocations=125 (full 11):
 def new generation   total 46400K, used 2073K [0x10200000, 0x13450000, 0x25750000)
  eden space 41280K,   0% used [0x10200000, 0x10200000, 0x12a50000)
  from space 5120K,  40% used [0x12a50000, 0x12c56580, 0x12f50000)
  to   space 5120K,   0% used [0x12f50000, 0x12f50000, 0x13450000)
 tenured generation   total 102948K, used 83158K [0x25750000, 0x2bbd9000, 0x50200000)
   the space 102948K,  80% used [0x25750000, 0x2a885be0, 0x2a885c00, 0x2bbd9000)
 Metaspace       used 46577K, capacity 48262K, committed 48384K, reserved 48512K
}
Event: 9227.443 GC heap before
{Heap before GC invocations=125 (full 11):
 def new generation   total 46400K, used 21011K [0x10200000, 0x13450000, 0x25750000)
  eden space 41280K,  45% used [0x10200000, 0x1147e7c8, 0x12a50000)
  from space 5120K,  40% used [0x12a50000, 0x12c56580, 0x12f50000)
  to   space 5120K,   0% used [0x12f50000, 0x12f50000, 0x13450000)
 tenured generation   total 102948K, used 83158K [0x25750000, 0x2bbd9000, 0x50200000)
   the space 102948K,  80% used [0x25750000, 0x2a885be0, 0x2a885c00, 0x2bbd9000)
 Metaspace       used 47013K, capacity 48697K, committed 48768K, reserved 49536K
Event: 9227.780 GC heap after
Heap after GC invocations=126 (full 12):
 def new generation   total 47744K, used 0K [0x10200000, 0x135c0000, 0x25750000)
  eden space 42496K,   0% used [0x10200000, 0x10200000, 0x12b80000)
  from space 5248K,   0% used [0x12b80000, 0x12b80000, 0x130a0000)
  to   space 5248K,   0% used [0x130a0000, 0x130a0000, 0x135c0000)
 tenured generation   total 105868K, used 63520K [0x25750000, 0x2beb3000, 0x50200000)
   the space 105868K,  59% used [0x25750000, 0x29558238, 0x29558400, 0x2beb3000)
 Metaspace       used 46618K, capacity 48096K, committed 48768K, reserved 49536K
}

